2025-04-16 00:24:37.436268 - Received CBT.V508.FILE806.PDS from FILE806.XMI 
2025-04-16 00:24:37.437761 - Found $$$#DATE.txt (text/plain) in CBT.V508.FILE806.PDS, moved to PDS/$$$#DATE
2025-04-16 00:24:37.438101 - Found $$NOTE1.txt (text/plain) in CBT.V508.FILE806.PDS, moved to PDS/$$NOTE1
2025-04-16 00:24:37.438472 - Found $$VTOC.txt (text/plain) in CBT.V508.FILE806.PDS, moved to PDS/$$VTOC
2025-04-16 00:24:37.438767 - Found $SMF110.jcl (text/plain) in CBT.V508.FILE806.PDS, moved to PDS/$SMF110
2025-04-16 00:24:37.438813 - Found @FILE806.txt (text/plain) in CBT.V508.FILE806.PDS, moved to PDS/@FILE806
2025-04-16 00:24:37.439340 - Found CICSDAT1.txt (text/plain) in CBT.V508.FILE806.PDS, moved to PDS/CICSDAT1
2025-04-16 00:24:37.439937 - Found CICSDAT2.txt (text/plain) in CBT.V508.FILE806.PDS, moved to PDS/CICSDAT2
2025-04-16 00:24:37.440158 - Found DFHSMFDS.txt (text/plain) in CBT.V508.FILE806.PDS, moved to PDS/DFHSMFDS
2025-04-16 00:24:37.440719 - Found LOADXMIT.xmi (application/xmit) in CBT.V508.FILE806.PDS, moved to PDS/LOADXMIT.xmi
2025-04-16 00:24:37.454648 - Received IBMUSER.SMF.SMF110.LOAD from LOADXMIT.xmi 
2025-04-16 00:24:37.455612 - Found PBCALTIM.bin (application/octet-stream) in IBMUSER.SMF.SMF110.LOAD, moved to LOADXMIT/PBCALTIM
2025-04-16 00:24:37.456272 - Found SMF110S1.bin (application/octet-stream) in IBMUSER.SMF.SMF110.LOAD, moved to LOADXMIT/SMF110S1
2025-04-16 00:24:37.456609 - Found STAMPCON.bin (application/octet-stream) in IBMUSER.SMF.SMF110.LOAD, moved to LOADXMIT/STAMPCON
2025-04-16 00:24:37.457116 - Found PBCALTIM.txt (text/plain) in CBT.V508.FILE806.PDS, moved to PDS/PBCALTIM
2025-04-16 00:24:37.461012 - Found SAMPRPT1.xmi (application/xmit) in CBT.V508.FILE806.PDS, moved to PDS/SAMPRPT1.xmi
2025-04-16 00:24:37.718842 - Received IBMUSER.SMF.SMF110.SUB1.V.PZ.RPT from SAMPRPT1.xmi 
2025-04-16 00:24:37.723587 - Found IBMUSER.SMF.SMF110.SUB1.V.PZ.RPT.txt (text/plain), moved to SAMPRPT1/IBMUSER.SMF.SMF110.SUB1.V.PZ.RPT
2025-04-16 00:24:37.724358 - Found SMF110MN.txt (text/plain) in CBT.V508.FILE806.PDS, moved to PDS/SMF110MN
2025-04-16 00:24:37.725184 - Found SMF110S1.txt (text/plain) in CBT.V508.FILE806.PDS, moved to PDS/SMF110S1
2025-04-16 00:24:37.725486 - Found STAMPCON.txt (text/plain) in CBT.V508.FILE806.PDS, moved to PDS/STAMPCON
